TN:
SF:/home/parallels/BBSerialTx/source/BBSerialTx.c
FN:16,is_open
FNDA:808,is_open
FN:26,write_bit
FNDA:807,write_bit
FN:51,BBSerialTx_Open
FNDA:18,BBSerialTx_Open
FN:77,BBSerialTx_Close
FNDA:20,BBSerialTx_Close
FN:103,BBSerialTx_Calibrate
FNDA:1,BBSerialTx_Calibrate
FN:141,BBSerialTx_WriteByte
FNDA:79,BBSerialTx_WriteByte
FN:163,BBSerialTx_WriteString
FNDA:2,BBSerialTx_WriteString
FN:193,BBSerialTx_WriteDecimal
FNDA:5,BBSerialTx_WriteDecimal
FN:243,BBSerialTx_WriteUint8
FNDA:11,BBSerialTx_WriteUint8
FN:263,BBSerialTx_WriteUint16
FNDA:1,BBSerialTx_WriteUint16
FN:279,BBSerialTx_WriteUint32
FNDA:2,BBSerialTx_WriteUint32
DA:16,808
DA:18,808
DA:26,807
DA:28,807
DA:30,2494
DA:32,1697
DA:35,807
DA:51,18
DA:55,18
DA:56,17
DA:59,1
DA:64,17
DA:65,17
DA:67,17
DA:69,17
DA:70,17
DA:77,20
DA:79,20
DA:80,20
DA:103,1
DA:105,1
DA:108,1
DA:109,1
DA:117,1001
DA:119,1000
DA:122,11
DA:124,10
DA:127,1001
DA:129,1000
DA:132,1
DA:134,1
DA:141,79
DA:143,79
DA:146,711
DA:148,632
DA:149,632
DA:152,79
DA:153,79
DA:163,2
DA:165,2
DA:170,10
DA:172,10
DA:174,8
DA:178,8
DA:180,6
DA:183,2
DA:193,5
DA:194,5
DA:195,5
DA:196,5
DA:199,5
DA:200,5
DA:202,5
DA:204,2
DA:208,21
DA:210,16
DA:211,16
DA:214,5
DA:216,1
DA:218,4
DA:220,2
DA:224,16
DA:226,11
DA:230,24
DA:232,19
DA:234,5
DA:243,11
DA:245,11
DA:246,11
DA:248,33
DA:250,22
DA:251,22
DA:252,22
DA:254,11
DA:263,1
DA:265,3
DA:267,2
DA:268,2
DA:270,1
DA:279,2
DA:281,10
DA:283,8
DA:284,8
DA:286,2
end_of_record
